2026-06-02T20:36:46: 
2026-06-02T20:36:46: > my-v0-project@0.1.0 start
2026-06-02T20:36:46: > next start
2026-06-02T20:36:46: 
2026-06-02T20:36:47:    ▲ Next.js 16.0.10
2026-06-02T20:36:47:    - Local:         http://localhost:3001
2026-06-02T20:36:47:    - Network:       http://195.133.50.65:3001
2026-06-02T20:36:47: 
2026-06-02T20:36:47:  ✓ Starting...
2026-06-02T20:36:47:  ✓ Ready in 322ms
2026-06-02T20:44:45: 
2026-06-02T20:44:45: > my-v0-project@0.1.0 start
2026-06-02T20:44:45: > next start
2026-06-02T20:44:45: 
2026-06-02T20:44:46:    ▲ Next.js 16.0.10
2026-06-02T20:44:46:    - Local:         http://localhost:3001
2026-06-02T20:44:46:    - Network:       http://195.133.50.65:3001
2026-06-02T20:44:46: 
2026-06-02T20:44:46:  ✓ Starting...
2026-06-02T20:44:46:  ✓ Ready in 310ms
2026-06-02T21:11:30: 
2026-06-02T21:11:30: > my-v0-project@0.1.0 start
2026-06-02T21:11:30: > next start
2026-06-02T21:11:30: 
2026-06-02T21:11:31:    ▲ Next.js 16.0.10
2026-06-02T21:11:31:    - Local:         http://localhost:3001
2026-06-02T21:11:31:    - Network:       http://195.133.50.65:3001
2026-06-02T21:11:31: 
2026-06-02T21:11:31:  ✓ Starting...
2026-06-02T21:11:31:  ✓ Ready in 339ms
2026-06-07T11:36:24: 
2026-06-07T11:36:24: > my-v0-project@0.1.0 start
2026-06-07T11:36:24: > next start
2026-06-07T11:36:24: 
2026-06-07T11:36:25:    ▲ Next.js 16.0.10
2026-06-07T11:36:25:    - Local:         http://localhost:3001
2026-06-07T11:36:25:    - Network:       http://195.133.50.65:3001
2026-06-07T11:36:25: 
2026-06-07T11:36:25:  ✓ Starting...
2026-06-07T11:36:25:  ✓ Ready in 392ms
2026-06-07T11:37:09: 
2026-06-07T11:37:09: > my-v0-project@0.1.0 start
2026-06-07T11:37:09: > next start
2026-06-07T11:37:09: 
2026-06-07T11:37:10: 
2026-06-07T11:37:10: > my-v0-project@0.1.0 start
2026-06-07T11:37:10: > next start
2026-06-07T11:37:10: 
2026-06-07T11:37:10: 
2026-06-07T11:37:10: > my-v0-project@0.1.0 start
2026-06-07T11:37:10: > next start
2026-06-07T11:37:10: 
2026-06-07T11:37:11: 
2026-06-07T11:37:11: > my-v0-project@0.1.0 start
2026-06-07T11:37:11: > next start
2026-06-07T11:37:11: 
2026-06-07T11:37:11: 
2026-06-07T11:37:11: > my-v0-project@0.1.0 start
2026-06-07T11:37:11: > next start
2026-06-07T11:37:11: 
2026-06-07T11:37:12: 
2026-06-07T11:37:12: > my-v0-project@0.1.0 start
2026-06-07T11:37:12: > next start
2026-06-07T11:37:12: 
2026-06-07T11:37:12: 
2026-06-07T11:37:12: > my-v0-project@0.1.0 start
2026-06-07T11:37:12: > next start
2026-06-07T11:37:12: 
2026-06-07T11:37:13: 
2026-06-07T11:37:13: > my-v0-project@0.1.0 start
2026-06-07T11:37:13: > next start
2026-06-07T11:37:13: 
2026-06-07T11:37:13: 
2026-06-07T11:37:13: > my-v0-project@0.1.0 start
2026-06-07T11:37:13: > next start
2026-06-07T11:37:13: 
2026-06-07T11:37:14: 
2026-06-07T11:37:14: > my-v0-project@0.1.0 start
2026-06-07T11:37:14: > next start
2026-06-07T11:37:14: 
2026-06-07T11:37:14: 
2026-06-07T11:37:14: > my-v0-project@0.1.0 start
2026-06-07T11:37:14: > next start
2026-06-07T11:37:14: 
2026-06-07T11:37:15: 
2026-06-07T11:37:15: > my-v0-project@0.1.0 start
2026-06-07T11:37:15: > next start
2026-06-07T11:37:15: 
2026-06-07T11:37:15: 
2026-06-07T11:37:15: > my-v0-project@0.1.0 start
2026-06-07T11:37:15: > next start
2026-06-07T11:37:15: 
2026-06-07T11:37:16: 
2026-06-07T11:37:16: > my-v0-project@0.1.0 start
2026-06-07T11:37:16: > next start
2026-06-07T11:37:16: 
2026-06-07T11:37:16: 
2026-06-07T11:37:16: > my-v0-project@0.1.0 start
2026-06-07T11:37:16: > next start
2026-06-07T11:37:16: 
2026-06-07T11:37:17: 
2026-06-07T11:37:17: > my-v0-project@0.1.0 start
2026-06-07T11:37:17: > next start
2026-06-07T11:37:17: 
