2026-06-07T11:45:57: 
2026-06-07T11:45:57: > my-v0-project@0.1.0 start
2026-06-07T11:45:57: > next start
2026-06-07T11:45:57: 
2026-06-07T11:45:58:    ▲ Next.js 16.0.10
2026-06-07T11:45:58:    - Local:         http://localhost:3001
2026-06-07T11:45:58:    - Network:       http://195.133.50.65:3001
2026-06-07T11:45:58: 
2026-06-07T11:45:58:  ✓ Starting...
2026-06-07T11:45:58:  ✓ Ready in 297ms
2026-06-07T12:46:01: 
2026-06-07T12:46:01: > my-v0-project@0.1.0 start
2026-06-07T12:46:01: > next start
2026-06-07T12:46:01: 
2026-06-07T12:46:01:    ▲ Next.js 16.0.10
2026-06-07T12:46:01:    - Local:         http://localhost:3001
2026-06-07T12:46:01:    - Network:       http://195.133.50.65:3001
2026-06-07T12:46:01: 
2026-06-07T12:46:01:  ✓ Starting...
2026-06-07T12:46:01:  ✓ Ready in 291ms
2026-06-07T17:44:57: 
2026-06-07T17:44:57: > my-v0-project@0.1.0 start
2026-06-07T17:44:57: > next start
2026-06-07T17:44:57: 
2026-06-07T17:44:57:    ▲ Next.js 16.0.10
2026-06-07T17:44:57:    - Local:         http://localhost:3001
2026-06-07T17:44:57:    - Network:       http://195.133.50.65:3001
2026-06-07T17:44:57: 
2026-06-07T17:44:57:  ✓ Starting...
2026-06-07T17:44:57:  ✓ Ready in 345ms
2026-06-07T18:07:19: 
2026-06-07T18:07:19: > my-v0-project@0.1.0 start
2026-06-07T18:07:19: > next start
2026-06-07T18:07:19: 
2026-06-07T18:07:19:    ▲ Next.js 16.0.10
2026-06-07T18:07:19:    - Local:         http://localhost:3001
2026-06-07T18:07:19:    - Network:       http://195.133.50.65:3001
2026-06-07T18:07:19: 
2026-06-07T18:07:19:  ✓ Starting...
2026-06-07T18:07:19:  ✓ Ready in 304ms
2026-06-07T18:09:17: 
2026-06-07T18:09:17: > my-v0-project@0.1.0 start
2026-06-07T18:09:17: > next start
2026-06-07T18:09:17: 
2026-06-07T18:09:18:    ▲ Next.js 16.0.10
2026-06-07T18:09:18:    - Local:         http://localhost:3001
2026-06-07T18:09:18:    - Network:       http://195.133.50.65:3001
2026-06-07T18:09:18: 
2026-06-07T18:09:18:  ✓ Starting...
2026-06-07T18:09:18:  ✓ Ready in 334ms
2026-06-07T18:24:00: 
2026-06-07T18:24:00: > my-v0-project@0.1.0 start
2026-06-07T18:24:00: > next start
2026-06-07T18:24:00: 
2026-06-07T18:24:01:    ▲ Next.js 16.0.10
2026-06-07T18:24:01:    - Local:         http://localhost:3001
2026-06-07T18:24:01:    - Network:       http://195.133.50.65:3001
2026-06-07T18:24:01: 
2026-06-07T18:24:01:  ✓ Starting...
2026-06-07T18:24:01:  ✓ Ready in 300ms
